0 info it worked if it ends with ok
1 verbose cli [ 'node',
1 verbose cli   '/usr/local/bin/npm',
1 verbose cli   'install',
1 verbose cli   'https://github.com/kromitj/mean-seed' ]
2 info using npm@3.9.0
3 info using node@v0.12.5
4 silly loadCurrentTree Starting
5 silly install loadCurrentTree
6 silly install readLocalPackageData
7 silly fetchPackageMetaData https://github.com/kromitj/mean-seed
8 silly fetchOtherPackageData https://github.com/kromitj/mean-seed
9 silly cache add args [ 'https://github.com/kromitj/mean-seed', null ]
10 verbose cache add spec https://github.com/kromitj/mean-seed
11 silly cache add parsed spec { raw: 'https://github.com/kromitj/mean-seed',
11 silly cache add   scope: null,
11 silly cache add   name: null,
11 silly cache add   rawSpec: 'https://github.com/kromitj/mean-seed',
11 silly cache add   spec: 'git+https://github.com/kromitj/mean-seed.git',
11 silly cache add   type: 'hosted',
11 silly cache add   hosted:
11 silly cache add    { type: 'github',
11 silly cache add      ssh: 'git@github.com:kromitj/mean-seed.git',
11 silly cache add      sshUrl: 'git+ssh://git@github.com/kromitj/mean-seed.git',
11 silly cache add      httpsUrl: 'git+https://github.com/kromitj/mean-seed.git',
11 silly cache add      gitUrl: 'git://github.com/kromitj/mean-seed.git',
11 silly cache add      shortcut: 'github:kromitj/mean-seed',
11 silly cache add      directUrl: 'https://raw.githubusercontent.com/kromitj/mean-seed/master/package.json' } }
12 verbose addRemoteGit caching https://github.com/kromitj/mean-seed
13 verbose addRemoteGit git+https://github.com/kromitj/mean-seed.git is a repository hosted by github
14 silly tryClone cloning git+https://github.com/kromitj/mean-seed.git via git+https://github.com/kromitj/mean-seed.git
15 verbose tryClone git-https-github-com-kromitj-mean-seed-git-82fd40f0 not in flight; caching
16 verbose correctMkdir /Users/Administrator/.npm/_git-remotes correctMkdir not in flight; initializing
17 info git [ 'clone',
17 info git   '--template=/Users/Administrator/.npm/_git-remotes/_templates',
17 info git   '--mirror',
17 info git   'https://github.com/kromitj/mean-seed.git',
17 info git   '/Users/Administrator/.npm/_git-remotes/git-https-github-com-kromitj-mean-seed-git-82fd40f0' ]
18 verbose mirrorRemote git+https://github.com/kromitj/mean-seed.git git clone https://github.com/kromitj/mean-seed.git
19 verbose correctMkdir /Users/Administrator/.npm/_git-remotes correctMkdir not in flight; initializing
20 verbose setPermissions git+https://github.com/kromitj/mean-seed.git set permissions on /Users/Administrator/.npm/_git-remotes/git-https-github-com-kromitj-mean-seed-git-82fd40f0
21 verbose resolveHead git+https://github.com/kromitj/mean-seed.git original treeish: master
22 info git [ 'rev-list', '-n1', 'master' ]
23 silly resolveHead git+https://github.com/kromitj/mean-seed.git resolved treeish: bc824f97c88f18d93a5fc06b466e27c20e8926c7
24 verbose resolveHead git+https://github.com/kromitj/mean-seed.git resolved Git URL: git+https://github.com/kromitj/mean-seed.git#bc824f97c88f18d93a5fc06b466e27c20e8926c7
25 silly resolveHead Git working directory: /var/folders/g6/52kgd5rs1zv6klg05w4wtzpm0000gn/T/npm-14894-c0878a4c/git-cache-0fe49825/bc824f97c88f18d93a5fc06b466e27c20e8926c7
26 info git [ 'clone',
26 info git   '/Users/Administrator/.npm/_git-remotes/git-https-github-com-kromitj-mean-seed-git-82fd40f0',
26 info git   '/var/folders/g6/52kgd5rs1zv6klg05w4wtzpm0000gn/T/npm-14894-c0878a4c/git-cache-0fe49825/bc824f97c88f18d93a5fc06b466e27c20e8926c7' ]
27 verbose cloneResolved git+https://github.com/kromitj/mean-seed.git clone Cloning into '/var/folders/g6/52kgd5rs1zv6klg05w4wtzpm0000gn/T/npm-14894-c0878a4c/git-cache-0fe49825/bc824f97c88f18d93a5fc06b466e27c20e8926c7'...
27 verbose cloneResolved done.
28 info git [ 'checkout', 'bc824f97c88f18d93a5fc06b466e27c20e8926c7' ]
29 verbose checkoutTreeish git+https://github.com/kromitj/mean-seed.git checkout Note: checking out 'bc824f97c88f18d93a5fc06b466e27c20e8926c7'.
29 verbose checkoutTreeish
29 verbose checkoutTreeish You are in 'detached HEAD' state. You can look around, make experimental
29 verbose checkoutTreeish changes and commit them, and you can discard any commits you make in this
29 verbose checkoutTreeish state without impacting any branches by performing another checkout.
29 verbose checkoutTreeish
29 verbose checkoutTreeish If you want to create a new branch to retain commits you create, you may
29 verbose checkoutTreeish do so (now or later) by using -b with the checkout command again. Example:
29 verbose checkoutTreeish
29 verbose checkoutTreeish   git checkout -b new_branch_name
29 verbose checkoutTreeish
29 verbose checkoutTreeish HEAD is now at bc824f9... Remove fakerList from schemaToSeed arguments
30 info git [ 'submodule', '-q', 'update', '--init', '--recursive' ]
31 verbose updateSubmodules git+https://github.com/kromitj/mean-seed.git submodule update
32 verbose addLocalDirectory /Users/Administrator/.npm/mean-seed/0.1.0/package.tgz not in flight; packing
33 verbose correctMkdir /Users/Administrator/.npm correctMkdir not in flight; initializing
34 verbose tar pack [ '/Users/Administrator/.npm/mean-seed/0.1.0/package.tgz',
34 verbose tar pack   '/var/folders/g6/52kgd5rs1zv6klg05w4wtzpm0000gn/T/npm-14894-c0878a4c/git-cache-0fe49825/bc824f97c88f18d93a5fc06b466e27c20e8926c7' ]
35 verbose tarball /Users/Administrator/.npm/mean-seed/0.1.0/package.tgz
36 verbose folder /var/folders/g6/52kgd5rs1zv6klg05w4wtzpm0000gn/T/npm-14894-c0878a4c/git-cache-0fe49825/bc824f97c88f18d93a5fc06b466e27c20e8926c7
37 verbose addLocalTarball adding from inside cache /Users/Administrator/.npm/mean-seed/0.1.0/package.tgz
38 verbose correctMkdir /Users/Administrator/.npm correctMkdir not in flight; initializing
39 verbose addRemoteGit data._from: git+https://github.com/kromitj/mean-seed.git
40 verbose addRemoteGit data._resolved: git+https://github.com/kromitj/mean-seed.git#bc824f97c88f18d93a5fc06b466e27c20e8926c7
41 silly cache afterAdd mean-seed@0.1.0
42 verbose afterAdd /Users/Administrator/.npm/mean-seed/0.1.0/package/package.json not in flight; writing
43 verbose correctMkdir /Users/Administrator/.npm correctMkdir not in flight; initializing
44 verbose afterAdd /Users/Administrator/.npm/mean-seed/0.1.0/package/package.json written
45 silly install normalizeTree
46 silly loadCurrentTree Finishing
47 silly loadIdealTree Starting
48 silly install loadIdealTree
49 silly cloneCurrentTree Starting
50 silly install cloneCurrentTreeToIdealTree
51 silly cloneCurrentTree Finishing
52 silly loadShrinkwrap Starting
53 silly install loadShrinkwrap
54 silly loadShrinkwrap Finishing
55 silly loadAllDepsIntoIdealTree Starting
56 silly install loadAllDepsIntoIdealTree
57 silly rollbackFailedOptional Starting
58 silly rollbackFailedOptional Finishing
59 silly runTopLevelLifecycles Starting
60 silly runTopLevelLifecycles Finishing
61 silly install printInstalled
62 verbose stack Error: Refusing to install mean-seed as a dependency of itself
62 verbose stack     at checkSelf (/usr/local/lib/node_modules/npm/lib/install/validate-args.js:53:14)
62 verbose stack     at Array.<anonymous> (/usr/local/lib/node_modules/npm/node_modules/slide/lib/bind-actor.js:15:8)
62 verbose stack     at LOOP (/usr/local/lib/node_modules/npm/node_modules/slide/lib/chain.js:15:14)
62 verbose stack     at chain (/usr/local/lib/node_modules/npm/node_modules/slide/lib/chain.js:20:5)
62 verbose stack     at /usr/local/lib/node_modules/npm/lib/install/validate-args.js:16:5
62 verbose stack     at /usr/local/lib/node_modules/npm/node_modules/slide/lib/async-map.js:52:35
62 verbose stack     at Array.forEach (native)
62 verbose stack     at /usr/local/lib/node_modules/npm/node_modules/slide/lib/async-map.js:52:11
62 verbose stack     at Array.forEach (native)
62 verbose stack     at asyncMap (/usr/local/lib/node_modules/npm/node_modules/slide/lib/async-map.js:51:8)
63 verbose cwd /Users/Administrator/coding/mean-seed
64 error Darwin 14.5.0
65 error argv "node" "/usr/local/bin/npm" "install" "https://github.com/kromitj/mean-seed"
66 error node v0.12.5
67 error npm  v3.9.0
68 error code ENOSELF
69 error Refusing to install mean-seed as a dependency of itself
70 error If you need help, you may report this error at:
70 error     <https://github.com/npm/npm/issues>
71 verbose exit [ 1, true ]
